<?xml version="1.0" encoding="UTF-8"?>
<!-- Generated by org.testng.reporters.JUnitReportReporter -->
<testsuite hostname="LAPTOP-K26E8UFK" failures="0" tests="2" name="sdet.testngmethods2" time="0.001" errors="0" timestamp="04 Feb 2024 12:50:24 GMT" skipped="0">
  <testcase classname="sdet.testngmethods2" name="tc3" time="0.001"/>
  <testcase classname="sdet.testngmethods2" name="tc4" time="0.000"/>
</testsuite> <!-- sdet.testngmethods2 -->
