<?xml version="1.0" encoding="UTF-8"?>
<!-- Generated by org.testng.reporters.JUnitReportReporter -->
<testsuite hostname="LAPTOP-K26E8UFK" failures="0" tests="1" name="sdet.FirstTestClass" time="9.570" errors="0" timestamp="09 Mar 2024 07:21:49 GMT" skipped="0">
  <testcase classname="sdet.FirstTestClass" name="maiiin" time="9.570"/>
</testsuite> <!-- sdet.FirstTestClass -->
