<?xml version="1.0" encoding="UTF-8"?>
<!-- Generated by org.testng.reporters.JUnitReportReporter -->
<testsuite hostname="LAPTOP-K26E8UFK" failures="0" tests="1" name="sdet.TestngMethods" time="0.000" errors="0" timestamp="04 Feb 2024 12:50:24 GMT" skipped="0">
  <testcase classname="sdet.TestngMethods" name="hello" time="0.000"/>
</testsuite> <!-- sdet.TestngMethods -->
