<?xml version="1.0" encoding="UTF-8"?>
<!-- Generated by org.testng.reporters.JUnitReportReporter -->
<testsuite hostname="LAPTOP-K26E8UFK" failures="0" tests="1" name="sdet.checkbox" time="1.888" errors="0" timestamp="10 Dec 2023 08:26:29 GMT" skipped="0">
  <testcase classname="sdet.checkbox" name="check" time="1.888"/>
</testsuite> <!-- sdet.checkbox -->
