<?xml version="1.0" encoding="UTF-8"?>
<!-- Generated by org.testng.reporters.JUnitReportReporter -->
<testsuite hostname="LAPTOP-K26E8UFK" failures="0" tests="1" name="sdet.mouseover" time="6.158" errors="0" timestamp="04 Feb 2024 13:22:07 GMT" skipped="0">
  <testcase classname="sdet.mouseover" name="mouseovers" time="6.158"/>
</testsuite> <!-- sdet.mouseover -->
